2026-05-27 23:35:32,295 INFO uvicorn.error: Started server process [13968]
2026-05-27 23:35:32,295 INFO uvicorn.error: Waiting for application startup.
2026-05-27 23:35:32,296 INFO app.api.main: Запускаем создание БД.
2026-05-27 23:35:32,296 INFO uvicorn.error: Application startup complete.
2026-05-27 23:35:32,297 INFO uvicorn.error: Uvicorn running on http://127.0.0.1:8000 (Press CTRL+C to quit)
2026-05-28 00:00:08,736 INFO uvicorn.error: Shutting down
2026-05-28 00:00:08,845 INFO uvicorn.error: Waiting for application shutdown.
2026-05-28 00:00:08,846 INFO app.api.main: Заканчиваем работу.
2026-05-28 00:00:08,852 INFO uvicorn.error: Application shutdown complete.
2026-05-28 00:00:08,853 INFO uvicorn.error: Finished server process [13968]
2026-05-28 00:00:11,234 INFO uvicorn.error: Started server process [7472]
2026-05-28 00:00:11,235 INFO uvicorn.error: Waiting for application startup.
2026-05-28 00:00:11,235 INFO app.api.main: Запускаем создание БД.
2026-05-28 00:00:11,235 INFO uvicorn.error: Application startup complete.
2026-05-28 00:00:11,236 INFO uvicorn.error: Uvicorn running on http://127.0.0.1:8000 (Press CTRL+C to quit)
2026-05-28 00:00:23,957 INFO uvicorn.access: 127.0.0.1:52473 - "GET /docs HTTP/1.1" 200
2026-05-28 00:00:24,097 INFO uvicorn.access: 127.0.0.1:52473 - "GET /openapi.json HTTP/1.1" 200
2026-05-28 00:00:58,433 INFO app.core.database: Получение асинхронной сессии базы данных...
2026-05-28 00:00:58,441 INFO app.core.dependencies: Получение репозитория пользователей...
2026-05-28 00:00:58,442 INFO app.core.dependencies: Получение сервиса пользователей...
2026-05-28 00:00:58,450 INFO app.services.users: Создание нового пользователя с email: user@example.com
2026-05-28 00:00:58,451 INFO app.utils.auth: Хэширование пароля
2026-05-28 00:00:58,677 INFO app.repositories.users: Создание нового пользователя с email: user@example.com
2026-05-28 00:00:59,067 INFO sqlalchemy.engine.Engine: select pg_catalog.version()
2026-05-28 00:00:59,067 INFO sqlalchemy.engine.Engine: [raw sql] ()
2026-05-28 00:00:59,091 INFO sqlalchemy.engine.Engine: select current_schema()
2026-05-28 00:00:59,091 INFO sqlalchemy.engine.Engine: [raw sql] ()
2026-05-28 00:00:59,094 INFO sqlalchemy.engine.Engine: show standard_conforming_strings
2026-05-28 00:00:59,095 INFO sqlalchemy.engine.Engine: [raw sql] ()
2026-05-28 00:00:59,096 INFO sqlalchemy.engine.Engine: BEGIN (implicit)
2026-05-28 00:00:59,098 INFO sqlalchemy.engine.Engine: INSERT INTO users (user_id, login, password_hash, name, email, role, is_active, created_at) VALUES ($1::UUID, $2::VARCHAR, $3::VARCHAR, $4::VARCHAR, $5::VARCHAR, $6::userrole, $7::BOOLEAN, $8::TIMESTAMP WITHOUT TIME ZONE)
2026-05-28 00:00:59,099 INFO sqlalchemy.engine.Engine: [generated in 0.00047s] (UUID('63dc64c1-66f3-4ef5-a62b-bcf34e5bef29'), 'admin', '$2b$12$Xg/AaspkSgm4gcyhNiNyU.WtxzzNf5CkaO5etidPSvvnfWpLgzY66', 'string', 'user@example.com', 'CUSTOMER', True, datetime.datetime(2026, 5, 27, 20, 0, 59, 98643))
2026-05-28 00:00:59,215 INFO sqlalchemy.engine.Engine: ROLLBACK
2026-05-28 00:00:59,216 ERROR app.repositories.users: Ошибка при создании пользователя: (sqlalchemy.dialects.postgresql.asyncpg.IntegrityError) <class 'asyncpg.exceptions.UniqueViolationError'>: повторяющееся значение ключа нарушает ограничение уникальности "users_email_key"
DETAIL:  Ключ "(email)=(user@example.com)" уже существует.
[SQL: INSERT INTO users (user_id, login, password_hash, name, email, role, is_active, created_at) VALUES ($1::UUID, $2::VARCHAR, $3::VARCHAR, $4::VARCHAR, $5::VARCHAR, $6::userrole, $7::BOOLEAN, $8::TIMESTAMP WITHOUT TIME ZONE)]
[parameters: (UUID('63dc64c1-66f3-4ef5-a62b-bcf34e5bef29'), 'admin', '$2b$12$Xg/AaspkSgm4gcyhNiNyU.WtxzzNf5CkaO5etidPSvvnfWpLgzY66', 'string', 'user@example.com', 'CUSTOMER', True, datetime.datetime(2026, 5, 27, 20, 0, 59, 98643))]
(Background on this error at: https://sqlalche.me/e/20/gkpj)
2026-05-28 00:00:59,216 INFO uvicorn.access: 127.0.0.1:52487 - "POST /users/ HTTP/1.1" 400
2026-05-28 00:01:20,019 INFO app.core.database: Получение асинхронной сессии базы данных...
2026-05-28 00:01:20,020 INFO app.core.dependencies: Получение репозитория пользователей...
2026-05-28 00:01:20,020 INFO app.core.dependencies: Получение сервиса пользователей...
2026-05-28 00:01:20,021 INFO app.services.users: Создание нового пользователя с email: foditoon1@gamil.com
2026-05-28 00:01:20,021 INFO app.utils.auth: Хэширование пароля
2026-05-28 00:01:20,227 INFO app.repositories.users: Создание нового пользователя с email: foditoon1@gamil.com
2026-05-28 00:01:20,227 INFO sqlalchemy.engine.Engine: BEGIN (implicit)
2026-05-28 00:01:20,228 INFO sqlalchemy.engine.Engine: INSERT INTO users (user_id, login, password_hash, name, email, role, is_active, created_at) VALUES ($1::UUID, $2::VARCHAR, $3::VARCHAR, $4::VARCHAR, $5::VARCHAR, $6::userrole, $7::BOOLEAN, $8::TIMESTAMP WITHOUT TIME ZONE)
2026-05-28 00:01:20,228 INFO sqlalchemy.engine.Engine: [cached since 21.13s ago] (UUID('5dd840ac-b411-43f0-adb7-8b2e3d001f34'), 'admin', '$2b$12$tC/h02Om3Ln4qBFpcjk2h.e2obSKUrSFVmXWOXbQUBJgCYX1tOfAS', 'Maxim', 'foditoon1@gamil.com', 'CUSTOMER', True, datetime.datetime(2026, 5, 27, 20, 1, 20, 228394))
2026-05-28 00:01:20,255 INFO sqlalchemy.engine.Engine: COMMIT
2026-05-28 00:01:20,257 INFO sqlalchemy.engine.Engine: BEGIN (implicit)
2026-05-28 00:01:20,260 INFO sqlalchemy.engine.Engine: SELECT users.user_id, users.login, users.password_hash, users.name, users.email, users.role, users.is_active, users.created_at 
FROM users 
WHERE users.user_id = $1::UUID
2026-05-28 00:01:20,260 INFO sqlalchemy.engine.Engine: [generated in 0.00029s] (UUID('5dd840ac-b411-43f0-adb7-8b2e3d001f34'),)
2026-05-28 00:01:20,264 INFO app.repositories.users: Пользователь успешно создан: <app.models.user.User object at 0x0000027B25607ED0>
2026-05-28 00:01:20,264 INFO app.services.users: Пользователь успешно создан: <app.models.user.User object at 0x0000027B25607ED0>
2026-05-28 00:01:20,264 INFO app.utils.auth: Создание access токена
2026-05-28 00:01:20,265 INFO app.utils.auth: Создание refresh токена
2026-05-28 00:01:20,269 INFO uvicorn.access: 127.0.0.1:52497 - "POST /users/ HTTP/1.1" 201
2026-05-28 00:01:20,269 INFO app.core.database: Асинхронная сессия базы данных закрыта.
2026-05-28 00:01:20,270 INFO sqlalchemy.engine.Engine: ROLLBACK
2026-05-28 00:02:50,190 INFO app.core.database: Получение асинхронной сессии базы данных...
2026-05-28 00:02:50,190 INFO app.core.dependencies: Получение репозитория пользователей...
2026-05-28 00:02:50,190 INFO app.core.dependencies: Получение сервиса пользователей...
2026-05-28 00:02:50,190 INFO app.services.users: Авторизация пользователя с email: admin
2026-05-28 00:02:50,190 INFO app.repositories.users: Получение пользователя с email: admin
2026-05-28 00:02:50,191 INFO sqlalchemy.engine.Engine: BEGIN (implicit)
2026-05-28 00:02:50,192 INFO sqlalchemy.engine.Engine: SELECT users.user_id, users.login, users.password_hash, users.name, users.email, users.role, users.is_active, users.created_at 
FROM users 
WHERE users.email = $1::VARCHAR AND users.is_active = true
2026-05-28 00:02:50,192 INFO sqlalchemy.engine.Engine: [generated in 0.00031s] ('admin',)
2026-05-28 00:02:50,194 WARNING app.repositories.users: Пользователь с email admin не найден или неактивен
2026-05-28 00:02:50,195 WARNING app.services.users: Неверные учетные данные для email: admin
2026-05-28 00:02:50,195 INFO sqlalchemy.engine.Engine: ROLLBACK
2026-05-28 00:02:50,196 INFO uvicorn.access: 127.0.0.1:52546 - "POST /users/token HTTP/1.1" 401
2026-05-28 00:03:20,677 INFO app.core.database: Получение асинхронной сессии базы данных...
2026-05-28 00:03:20,677 INFO app.core.dependencies: Получение репозитория пользователей...
2026-05-28 00:03:20,678 INFO app.core.dependencies: Получение сервиса пользователей...
2026-05-28 00:03:20,678 INFO app.services.users: Авторизация пользователя с email: foditoon1@gmail.com
2026-05-28 00:03:20,678 INFO app.repositories.users: Получение пользователя с email: foditoon1@gmail.com
2026-05-28 00:03:20,678 INFO sqlalchemy.engine.Engine: BEGIN (implicit)
2026-05-28 00:03:20,679 INFO sqlalchemy.engine.Engine: SELECT users.user_id, users.login, users.password_hash, users.name, users.email, users.role, users.is_active, users.created_at 
FROM users 
WHERE users.email = $1::VARCHAR AND users.is_active = true
2026-05-28 00:03:20,679 INFO sqlalchemy.engine.Engine: [cached since 30.49s ago] ('foditoon1@gmail.com',)
2026-05-28 00:03:20,680 WARNING app.repositories.users: Пользователь с email foditoon1@gmail.com не найден или неактивен
2026-05-28 00:03:20,680 WARNING app.services.users: Неверные учетные данные для email: foditoon1@gmail.com
2026-05-28 00:03:20,680 INFO sqlalchemy.engine.Engine: ROLLBACK
2026-05-28 00:03:20,681 INFO uvicorn.access: 127.0.0.1:52567 - "POST /users/token HTTP/1.1" 401
2026-05-28 00:03:59,859 INFO app.core.database: Получение асинхронной сессии базы данных...
2026-05-28 00:03:59,859 INFO app.core.dependencies: Получение репозитория пользователей...
2026-05-28 00:03:59,860 INFO app.core.dependencies: Получение сервиса пользователей...
2026-05-28 00:03:59,860 INFO app.services.users: Создание нового пользователя с email: foditoon1@gmail.com
2026-05-28 00:03:59,860 INFO app.utils.auth: Хэширование пароля
2026-05-28 00:04:00,067 INFO app.repositories.users: Создание нового пользователя с email: foditoon1@gmail.com
2026-05-28 00:04:00,067 INFO sqlalchemy.engine.Engine: BEGIN (implicit)
2026-05-28 00:04:00,068 INFO sqlalchemy.engine.Engine: INSERT INTO users (user_id, login, password_hash, name, email, role, is_active, created_at) VALUES ($1::UUID, $2::VARCHAR, $3::VARCHAR, $4::VARCHAR, $5::VARCHAR, $6::userrole, $7::BOOLEAN, $8::TIMESTAMP WITHOUT TIME ZONE)
2026-05-28 00:04:00,068 INFO sqlalchemy.engine.Engine: [cached since 181s ago] (UUID('066ed075-ca69-4d5b-aefd-40a3a4a0c6ad'), 'admin1', '$2b$12$YyBZqTZZ.F9bmZm276yBae.lNtAWDg0M1IsOpQ2Zouqixu95kCAdm', 'string', 'foditoon1@gmail.com', 'CUSTOMER', True, datetime.datetime(2026, 5, 27, 20, 4, 0, 68235))
2026-05-28 00:04:00,069 INFO sqlalchemy.engine.Engine: COMMIT
2026-05-28 00:04:00,076 INFO sqlalchemy.engine.Engine: BEGIN (implicit)
2026-05-28 00:04:00,076 INFO sqlalchemy.engine.Engine: SELECT users.user_id, users.login, users.password_hash, users.name, users.email, users.role, users.is_active, users.created_at 
FROM users 
WHERE users.user_id = $1::UUID
2026-05-28 00:04:00,077 INFO sqlalchemy.engine.Engine: [cached since 159.8s ago] (UUID('066ed075-ca69-4d5b-aefd-40a3a4a0c6ad'),)
2026-05-28 00:04:00,078 INFO app.repositories.users: Пользователь успешно создан: <app.models.user.User object at 0x0000027B25607C50>
2026-05-28 00:04:00,078 INFO app.services.users: Пользователь успешно создан: <app.models.user.User object at 0x0000027B25607C50>
2026-05-28 00:04:00,078 INFO app.utils.auth: Создание access токена
2026-05-28 00:04:00,078 INFO app.utils.auth: Создание refresh токена
2026-05-28 00:04:00,079 INFO uvicorn.access: 127.0.0.1:52608 - "POST /users/ HTTP/1.1" 201
2026-05-28 00:04:00,079 INFO app.core.database: Асинхронная сессия базы данных закрыта.
2026-05-28 00:04:00,080 INFO sqlalchemy.engine.Engine: ROLLBACK
2026-05-28 00:04:22,692 INFO app.core.database: Получение асинхронной сессии базы данных...
2026-05-28 00:04:22,693 INFO app.core.dependencies: Получение репозитория пользователей...
2026-05-28 00:04:22,693 INFO app.core.dependencies: Получение сервиса пользователей...
2026-05-28 00:04:22,693 INFO app.services.users: Авторизация пользователя с email: foditoon1@gmail.com
2026-05-28 00:04:22,693 INFO app.repositories.users: Получение пользователя с email: foditoon1@gmail.com
2026-05-28 00:04:22,693 INFO sqlalchemy.engine.Engine: BEGIN (implicit)
2026-05-28 00:04:22,694 INFO sqlalchemy.engine.Engine: SELECT users.user_id, users.login, users.password_hash, users.name, users.email, users.role, users.is_active, users.created_at 
FROM users 
WHERE users.email = $1::VARCHAR AND users.is_active = true
2026-05-28 00:04:22,694 INFO sqlalchemy.engine.Engine: [cached since 92.5s ago] ('foditoon1@gmail.com',)
2026-05-28 00:04:22,695 INFO app.repositories.users: Пользователь найден: <app.models.user.User object at 0x0000027B255CB6F0>
2026-05-28 00:04:22,695 INFO app.utils.auth: Проверка пароля
2026-05-28 00:04:22,901 INFO app.services.users: Пользователь успешно авторизован: <app.models.user.User object at 0x0000027B255CB6F0>
2026-05-28 00:04:22,901 INFO app.utils.auth: Создание access токена
2026-05-28 00:04:22,901 INFO app.utils.auth: Создание refresh токена
2026-05-28 00:04:22,902 INFO uvicorn.access: 127.0.0.1:52624 - "POST /users/token HTTP/1.1" 200
2026-05-28 00:04:22,902 INFO app.core.database: Асинхронная сессия базы данных закрыта.
2026-05-28 00:04:22,902 INFO sqlalchemy.engine.Engine: ROLLBACK
2026-05-28 00:19:17,115 INFO uvicorn.access: 127.0.0.1:56514 - "GET /docs HTTP/1.1" 200
2026-05-28 00:19:17,753 INFO uvicorn.access: 127.0.0.1:56514 - "GET /openapi.json HTTP/1.1" 200
2026-05-28 00:19:49,072 INFO uvicorn.access: 127.0.0.1:56515 - "GET /docs HTTP/1.1" 200
2026-05-28 00:19:49,139 INFO uvicorn.access: 127.0.0.1:56515 - "GET /openapi.json HTTP/1.1" 200
2026-05-28 00:20:18,946 INFO app.core.database: Получение асинхронной сессии базы данных...
2026-05-28 00:20:18,946 INFO app.core.dependencies: Получение репозитория пользователей...
2026-05-28 00:20:18,946 INFO app.core.dependencies: Получение сервиса пользователей...
2026-05-28 00:20:18,946 INFO app.services.users: Авторизация пользователя с email: foditoon1@gmail.com
2026-05-28 00:20:18,947 INFO app.repositories.users: Получение пользователя с email: foditoon1@gmail.com
2026-05-28 00:20:18,947 INFO sqlalchemy.engine.Engine: BEGIN (implicit)
2026-05-28 00:20:18,948 INFO sqlalchemy.engine.Engine: SELECT users.user_id, users.login, users.password_hash, users.name, users.email, users.role, users.is_active, users.created_at 
FROM users 
WHERE users.email = $1::VARCHAR AND users.is_active = true
2026-05-28 00:20:18,948 INFO sqlalchemy.engine.Engine: [cached since 1049s ago] ('foditoon1@gmail.com',)
2026-05-28 00:20:18,949 INFO app.repositories.users: Пользователь найден: <app.models.user.User object at 0x0000027B25800180>
2026-05-28 00:20:18,949 INFO app.utils.auth: Проверка пароля
2026-05-28 00:20:19,159 INFO app.services.users: Пользователь успешно авторизован: <app.models.user.User object at 0x0000027B25800180>
2026-05-28 00:20:19,159 INFO app.utils.auth: Создание access токена
2026-05-28 00:20:19,159 INFO app.utils.auth: Создание refresh токена
2026-05-28 00:20:19,159 INFO uvicorn.access: 127.0.0.1:56551 - "POST /users/token HTTP/1.1" 200
2026-05-28 00:20:19,160 INFO app.core.database: Асинхронная сессия базы данных закрыта.
2026-05-28 00:20:19,160 INFO sqlalchemy.engine.Engine: ROLLBACK
2026-05-28 00:23:40,625 INFO uvicorn.error: Shutting down
2026-05-28 00:23:40,733 INFO uvicorn.error: Waiting for application shutdown.
2026-05-28 00:23:40,733 INFO app.api.main: Заканчиваем работу.
2026-05-28 00:23:40,734 INFO uvicorn.error: Application shutdown complete.
2026-05-28 00:23:40,734 INFO uvicorn.error: Finished server process [7472]
2026-05-28 00:23:42,546 INFO uvicorn.error: Started server process [7692]
2026-05-28 00:23:42,547 INFO uvicorn.error: Waiting for application startup.
2026-05-28 00:23:42,547 INFO app.api.main: Запускаем создание БД.
2026-05-28 00:23:42,547 INFO uvicorn.error: Application startup complete.
2026-05-28 00:23:42,548 INFO uvicorn.error: Uvicorn running on http://127.0.0.1:8000 (Press CTRL+C to quit)
2026-05-28 00:34:31,124 INFO uvicorn.error: Shutting down
2026-05-28 00:34:31,234 INFO uvicorn.error: Waiting for application shutdown.
2026-05-28 00:34:31,235 INFO app.api.main: Заканчиваем работу.
2026-05-28 00:34:31,235 INFO uvicorn.error: Application shutdown complete.
2026-05-28 00:34:31,235 INFO uvicorn.error: Finished server process [7692]
2026-05-28 00:34:32,744 INFO uvicorn.error: Started server process [15936]
2026-05-28 00:34:32,744 INFO uvicorn.error: Waiting for application startup.
2026-05-28 00:34:32,745 INFO app.api.main: Запускаем создание БД.
2026-05-28 00:34:32,745 INFO uvicorn.error: Application startup complete.
2026-05-28 00:34:32,745 INFO uvicorn.error: Uvicorn running on http://127.0.0.1:8000 (Press CTRL+C to quit)
2026-05-28 00:45:21,027 INFO uvicorn.error: Shutting down
2026-05-28 00:45:21,134 INFO uvicorn.error: Waiting for application shutdown.
2026-05-28 00:45:21,134 INFO app.api.main: Заканчиваем работу.
2026-05-28 00:45:21,134 INFO uvicorn.error: Application shutdown complete.
2026-05-28 00:45:21,134 INFO uvicorn.error: Finished server process [15936]
2026-05-28 00:45:23,069 INFO uvicorn.error: Started server process [18056]
2026-05-28 00:45:23,069 INFO uvicorn.error: Waiting for application startup.
2026-05-28 00:45:23,070 INFO app.api.main: Запускаем создание БД.
2026-05-28 00:45:23,070 INFO uvicorn.error: Application startup complete.
2026-05-28 00:45:23,070 INFO uvicorn.error: Uvicorn running on http://127.0.0.1:8000 (Press CTRL+C to quit)
