2026-05-27 23:36:01,980 INFO uvicorn.error: Started server process [8568]
2026-05-27 23:36:01,980 INFO uvicorn.error: Waiting for application startup.
2026-05-27 23:36:01,980 INFO app.api.main: Starting database initialization.
2026-05-27 23:36:01,981 INFO uvicorn.error: Application startup complete.
2026-05-27 23:36:01,981 INFO uvicorn.error: Uvicorn running on http://127.0.0.1:8003 (Press CTRL+C to quit)
2026-05-27 23:36:56,168 INFO uvicorn.access: 127.0.0.1:51766 - "GET /docs HTTP/1.1" 200
2026-05-27 23:36:56,355 INFO uvicorn.access: 127.0.0.1:51766 - "GET /openapi.json HTTP/1.1" 200
2026-05-27 23:45:01,433 INFO uvicorn.access: 127.0.0.1:52032 - "GET /docs HTTP/1.1" 200
2026-05-27 23:45:01,536 INFO uvicorn.access: 127.0.0.1:52032 - "GET /openapi.json HTTP/1.1" 200
2026-05-27 23:59:55,477 INFO uvicorn.access: 127.0.0.1:52448 - "GET /docs HTTP/1.1" 200
2026-05-27 23:59:55,621 INFO uvicorn.access: 127.0.0.1:52448 - "GET /openapi.json HTTP/1.1" 200
2026-05-27 23:59:58,599 INFO uvicorn.error: Shutting down
2026-05-27 23:59:58,710 INFO uvicorn.error: Waiting for application shutdown.
2026-05-27 23:59:58,710 INFO app.api.main: Shutting down.
2026-05-27 23:59:58,710 INFO uvicorn.error: Application shutdown complete.
2026-05-27 23:59:58,711 INFO uvicorn.error: Finished server process [8568]
2026-05-28 00:00:00,558 INFO uvicorn.error: Started server process [7288]
2026-05-28 00:00:00,558 INFO uvicorn.error: Waiting for application startup.
2026-05-28 00:00:00,559 INFO app.api.main: Starting database initialization.
2026-05-28 00:00:00,559 INFO uvicorn.error: Application startup complete.
2026-05-28 00:00:00,559 INFO uvicorn.error: Uvicorn running on http://127.0.0.1:8003 (Press CTRL+C to quit)
2026-05-28 00:00:18,383 INFO uvicorn.access: 127.0.0.1:52472 - "GET /docs HTTP/1.1" 200
2026-05-28 00:00:18,460 INFO uvicorn.access: 127.0.0.1:52472 - "GET /openapi.json HTTP/1.1" 200
2026-05-28 00:02:15,483 INFO uvicorn.access: 127.0.0.1:52523 - "GET /docs HTTP/1.1" 200
2026-05-28 00:02:15,544 INFO uvicorn.access: 127.0.0.1:52523 - "GET /openapi.json HTTP/1.1" 200
2026-05-28 00:04:28,474 INFO uvicorn.access: 127.0.0.1:52629 - "GET /docs HTTP/1.1" 200
2026-05-28 00:04:28,544 INFO uvicorn.access: 127.0.0.1:52629 - "GET /openapi.json HTTP/1.1" 200
2026-05-28 00:04:47,237 INFO app.core.dependencies: Fetching async DB session.
2026-05-28 00:04:47,243 INFO app.core.dependencies: Fetching product repository.
2026-05-28 00:04:47,243 INFO app.core.dependencies: Fetching product service.
2026-05-28 00:04:47,244 INFO app.services.products: Creating product with name: testBalls
2026-05-28 00:04:47,245 INFO app.repositories.products: Creating product: testBalls
2026-05-28 00:04:47,330 INFO sqlalchemy.engine.Engine: select pg_catalog.version()
2026-05-28 00:04:47,330 INFO sqlalchemy.engine.Engine: [raw sql] ()
2026-05-28 00:04:47,338 INFO sqlalchemy.engine.Engine: select current_schema()
2026-05-28 00:04:47,338 INFO sqlalchemy.engine.Engine: [raw sql] ()
2026-05-28 00:04:47,341 INFO sqlalchemy.engine.Engine: show standard_conforming_strings
2026-05-28 00:04:47,342 INFO sqlalchemy.engine.Engine: [raw sql] ()
2026-05-28 00:04:47,343 INFO sqlalchemy.engine.Engine: BEGIN (implicit)
2026-05-28 00:04:47,344 INFO sqlalchemy.engine.Engine: INSERT INTO products (product_id, name, description, price) VALUES ($1::UUID, $2::VARCHAR, $3::VARCHAR, $4::FLOAT)
2026-05-28 00:04:47,344 INFO sqlalchemy.engine.Engine: [generated in 0.00028s] (UUID('5a2d8053-8284-471a-9e93-bf15007f3373'), 'testBalls', 'Яица ахуенные', 100.0)
2026-05-28 00:04:47,356 INFO sqlalchemy.engine.Engine: COMMIT
2026-05-28 00:04:47,358 INFO sqlalchemy.engine.Engine: BEGIN (implicit)
2026-05-28 00:04:47,360 INFO sqlalchemy.engine.Engine: SELECT products.product_id, products.name, products.description, products.price 
FROM products 
WHERE products.product_id = $1::UUID
2026-05-28 00:04:47,360 INFO sqlalchemy.engine.Engine: [generated in 0.00026s] (UUID('5a2d8053-8284-471a-9e93-bf15007f3373'),)
2026-05-28 00:04:47,371 INFO uvicorn.access: 127.0.0.1:52637 - "POST /products/ HTTP/1.1" 201
2026-05-28 00:04:47,371 INFO app.core.dependencies: Async DB session closed.
2026-05-28 00:04:47,372 INFO sqlalchemy.engine.Engine: ROLLBACK
2026-05-28 00:10:05,998 INFO uvicorn.access: 127.0.0.1:55803 - "GET /docs HTTP/1.1" 200
2026-05-28 00:10:06,093 INFO uvicorn.access: 127.0.0.1:55803 - "GET /openapi.json HTTP/1.1" 200
2026-05-28 00:10:14,973 INFO app.core.dependencies: Fetching async DB session.
2026-05-28 00:10:14,973 INFO app.core.dependencies: Fetching product repository.
2026-05-28 00:10:14,974 INFO app.core.dependencies: Fetching product service.
2026-05-28 00:10:15,000 INFO app.services.products: Fetching products list.
2026-05-28 00:10:15,000 INFO app.repositories.products: Fetching all products.
2026-05-28 00:10:15,001 INFO sqlalchemy.engine.Engine: BEGIN (implicit)
2026-05-28 00:10:15,003 INFO sqlalchemy.engine.Engine: SELECT products.product_id, products.name, products.description, products.price 
FROM products 
 LIMIT $1::INTEGER OFFSET $2::INTEGER
2026-05-28 00:10:15,003 INFO sqlalchemy.engine.Engine: [generated in 0.00038s] (100, 0)
2026-05-28 00:10:15,005 INFO uvicorn.access: 127.0.0.1:55808 - "GET /products/?skip=0&limit=100 HTTP/1.1" 200
2026-05-28 00:10:15,006 INFO app.core.dependencies: Async DB session closed.
2026-05-28 00:10:15,006 INFO sqlalchemy.engine.Engine: ROLLBACK
2026-05-28 00:16:22,602 INFO uvicorn.access: 127.0.0.1:56234 - "GET /docs HTTP/1.1" 200
2026-05-28 00:16:22,653 INFO uvicorn.access: 127.0.0.1:56234 - "GET /openapi.json HTTP/1.1" 200
2026-05-28 00:18:21,390 INFO app.core.dependencies: Fetching async DB session.
2026-05-28 00:18:21,390 INFO app.core.dependencies: Fetching product repository.
2026-05-28 00:18:21,390 INFO app.core.dependencies: Fetching product service.
2026-05-28 00:18:21,390 INFO app.services.products: Fetching products list.
2026-05-28 00:18:21,390 INFO app.repositories.products: Fetching all products.
2026-05-28 00:18:21,391 INFO sqlalchemy.engine.Engine: BEGIN (implicit)
2026-05-28 00:18:21,391 INFO sqlalchemy.engine.Engine: SELECT products.product_id, products.name, products.description, products.price 
FROM products 
 LIMIT $1::INTEGER OFFSET $2::INTEGER
2026-05-28 00:18:21,392 INFO sqlalchemy.engine.Engine: [cached since 486.4s ago] (100, 0)
2026-05-28 00:18:21,393 INFO uvicorn.access: 127.0.0.1:56462 - "GET /products/?skip=0&limit=100 HTTP/1.1" 200
2026-05-28 00:18:21,393 INFO app.core.dependencies: Async DB session closed.
2026-05-28 00:18:21,394 INFO sqlalchemy.engine.Engine: ROLLBACK
2026-05-28 00:19:25,088 INFO uvicorn.access: 127.0.0.1:56532 - "GET /docs HTTP/1.1" 200
2026-05-28 00:19:25,241 INFO uvicorn.access: 127.0.0.1:56532 - "GET /openapi.json HTTP/1.1" 200
2026-05-28 00:19:31,974 INFO app.core.dependencies: Fetching async DB session.
2026-05-28 00:19:31,974 INFO app.core.dependencies: Fetching product repository.
2026-05-28 00:19:31,975 INFO app.core.dependencies: Fetching product service.
2026-05-28 00:19:31,975 INFO app.services.products: Fetching products list.
2026-05-28 00:19:31,975 INFO app.repositories.products: Fetching all products.
2026-05-28 00:19:31,976 INFO sqlalchemy.engine.Engine: BEGIN (implicit)
2026-05-28 00:19:31,976 INFO sqlalchemy.engine.Engine: SELECT products.product_id, products.name, products.description, products.price 
FROM products 
 LIMIT $1::INTEGER OFFSET $2::INTEGER
2026-05-28 00:19:31,976 INFO sqlalchemy.engine.Engine: [cached since 557s ago] (100, 0)
2026-05-28 00:19:31,978 INFO uvicorn.access: 127.0.0.1:56533 - "GET /products/?skip=0&limit=100 HTTP/1.1" 200
2026-05-28 00:19:31,978 INFO app.core.dependencies: Async DB session closed.
2026-05-28 00:19:31,979 INFO sqlalchemy.engine.Engine: ROLLBACK
2026-05-28 00:23:46,970 INFO uvicorn.error: Shutting down
2026-05-28 00:23:47,080 INFO uvicorn.error: Waiting for application shutdown.
2026-05-28 00:23:47,081 INFO app.api.main: Shutting down.
2026-05-28 00:23:47,081 INFO uvicorn.error: Application shutdown complete.
2026-05-28 00:23:47,081 INFO uvicorn.error: Finished server process [7288]
2026-05-28 00:23:49,158 INFO uvicorn.error: Started server process [18860]
2026-05-28 00:23:49,158 INFO uvicorn.error: Waiting for application startup.
2026-05-28 00:23:49,159 INFO app.api.main: Starting database initialization.
2026-05-28 00:23:49,159 INFO uvicorn.error: Application startup complete.
2026-05-28 00:23:49,160 INFO uvicorn.error: Uvicorn running on http://127.0.0.1:8003 (Press CTRL+C to quit)
2026-05-28 00:24:40,472 INFO uvicorn.access: 127.0.0.1:56729 - "GET /docs HTTP/1.1" 200
2026-05-28 00:24:40,573 INFO uvicorn.access: 127.0.0.1:56729 - "GET /openapi.json HTTP/1.1" 200
2026-05-28 00:24:55,424 INFO app.core.dependencies: Fetching async DB session.
2026-05-28 00:24:55,430 INFO app.core.dependencies: Fetching product repository.
2026-05-28 00:24:55,431 INFO app.core.dependencies: Fetching product service.
2026-05-28 00:24:55,431 INFO app.services.products: Fetching products list.
2026-05-28 00:24:55,432 INFO app.repositories.products: Fetching all products.
2026-05-28 00:24:55,495 INFO sqlalchemy.engine.Engine: select pg_catalog.version()
2026-05-28 00:24:55,495 INFO sqlalchemy.engine.Engine: [raw sql] ()
2026-05-28 00:24:55,498 INFO sqlalchemy.engine.Engine: select current_schema()
2026-05-28 00:24:55,499 INFO sqlalchemy.engine.Engine: [raw sql] ()
2026-05-28 00:24:55,500 INFO sqlalchemy.engine.Engine: show standard_conforming_strings
2026-05-28 00:24:55,501 INFO sqlalchemy.engine.Engine: [raw sql] ()
2026-05-28 00:24:55,502 INFO sqlalchemy.engine.Engine: BEGIN (implicit)
2026-05-28 00:24:55,506 INFO sqlalchemy.engine.Engine: SELECT products.product_id, products.name, products.description, products.price 
FROM products 
 LIMIT $1::INTEGER OFFSET $2::INTEGER
2026-05-28 00:24:55,506 INFO sqlalchemy.engine.Engine: [generated in 0.00043s] (100, 0)
2026-05-28 00:24:55,510 INFO uvicorn.access: 127.0.0.1:56730 - "GET /products/?skip=0&limit=100 HTTP/1.1" 200
2026-05-28 00:24:55,510 INFO app.core.dependencies: Async DB session closed.
2026-05-28 00:24:55,510 INFO sqlalchemy.engine.Engine: ROLLBACK
2026-05-28 00:25:51,817 INFO app.core.dependencies: Fetching async DB session.
2026-05-28 00:25:51,817 INFO app.core.dependencies: Fetching product repository.
2026-05-28 00:25:51,818 INFO app.core.dependencies: Fetching product service.
2026-05-28 00:25:51,818 INFO app.services.products: Fetching product by id: 5a2d8053-8284-471a-9e93-bf15007f3373
2026-05-28 00:25:51,818 INFO app.repositories.products: Fetching product by id: 5a2d8053-8284-471a-9e93-bf15007f3373
2026-05-28 00:25:51,819 INFO sqlalchemy.engine.Engine: BEGIN (implicit)
2026-05-28 00:25:51,822 INFO sqlalchemy.engine.Engine: SELECT products.product_id, products.name, products.description, products.price 
FROM products 
WHERE products.product_id = $1::UUID
2026-05-28 00:25:51,822 INFO sqlalchemy.engine.Engine: [generated in 0.00074s] (UUID('5a2d8053-8284-471a-9e93-bf15007f3373'),)
2026-05-28 00:25:51,825 INFO uvicorn.access: 127.0.0.1:56779 - "GET /products/5a2d8053-8284-471a-9e93-bf15007f3373 HTTP/1.1" 200
2026-05-28 00:25:51,826 INFO app.core.dependencies: Async DB session closed.
2026-05-28 00:25:51,826 INFO sqlalchemy.engine.Engine: ROLLBACK
2026-05-28 00:31:36,906 INFO uvicorn.access: 127.0.0.1:57657 - "GET /products?skip=0&limit=100 HTTP/1.1" 307
2026-05-28 00:31:36,908 INFO app.core.dependencies: Fetching async DB session.
2026-05-28 00:31:36,908 INFO app.core.dependencies: Fetching product repository.
2026-05-28 00:31:36,909 INFO app.core.dependencies: Fetching product service.
2026-05-28 00:31:36,909 INFO app.services.products: Fetching products list.
2026-05-28 00:31:36,909 INFO app.repositories.products: Fetching all products.
2026-05-28 00:31:36,910 INFO sqlalchemy.engine.Engine: BEGIN (implicit)
2026-05-28 00:31:36,910 INFO sqlalchemy.engine.Engine: SELECT products.product_id, products.name, products.description, products.price 
FROM products 
 LIMIT $1::INTEGER OFFSET $2::INTEGER
2026-05-28 00:31:36,910 INFO sqlalchemy.engine.Engine: [cached since 401.4s ago] (100, 0)
2026-05-28 00:31:36,912 INFO uvicorn.access: 127.0.0.1:57657 - "GET /products/?skip=0&limit=100 HTTP/1.1" 200
2026-05-28 00:31:36,913 INFO app.core.dependencies: Async DB session closed.
2026-05-28 00:31:36,913 INFO sqlalchemy.engine.Engine: ROLLBACK
2026-05-28 00:31:47,557 INFO uvicorn.access: 127.0.0.1:57664 - "GET /products?skip=0&limit=100 HTTP/1.1" 307
2026-05-28 00:31:47,558 INFO app.core.dependencies: Fetching async DB session.
2026-05-28 00:31:47,558 INFO app.core.dependencies: Fetching product repository.
2026-05-28 00:31:47,559 INFO app.core.dependencies: Fetching product service.
2026-05-28 00:31:47,559 INFO app.services.products: Fetching products list.
2026-05-28 00:31:47,559 INFO app.repositories.products: Fetching all products.
2026-05-28 00:31:47,559 INFO sqlalchemy.engine.Engine: BEGIN (implicit)
2026-05-28 00:31:47,560 INFO sqlalchemy.engine.Engine: SELECT products.product_id, products.name, products.description, products.price 
FROM products 
 LIMIT $1::INTEGER OFFSET $2::INTEGER
2026-05-28 00:31:47,560 INFO sqlalchemy.engine.Engine: [cached since 412.1s ago] (100, 0)
2026-05-28 00:31:47,561 INFO uvicorn.access: 127.0.0.1:57664 - "GET /products/?skip=0&limit=100 HTTP/1.1" 200
2026-05-28 00:31:47,561 INFO app.core.dependencies: Async DB session closed.
2026-05-28 00:31:47,561 INFO sqlalchemy.engine.Engine: ROLLBACK
2026-05-28 00:34:25,195 INFO uvicorn.error: Shutting down
2026-05-28 00:34:25,303 INFO uvicorn.error: Waiting for application shutdown.
2026-05-28 00:34:25,304 INFO app.api.main: Shutting down.
2026-05-28 00:34:25,304 INFO uvicorn.error: Application shutdown complete.
2026-05-28 00:34:25,304 INFO uvicorn.error: Finished server process [18860]
2026-05-28 00:34:27,039 INFO uvicorn.error: Started server process [17828]
2026-05-28 00:34:27,040 INFO uvicorn.error: Waiting for application startup.
2026-05-28 00:34:27,040 INFO app.api.main: Starting database initialization.
2026-05-28 00:34:27,040 INFO uvicorn.error: Application startup complete.
2026-05-28 00:34:27,041 INFO uvicorn.error: Uvicorn running on http://127.0.0.1:8003 (Press CTRL+C to quit)
2026-05-28 00:42:25,523 INFO uvicorn.access: 127.0.0.1:58498 - "GET /products?skip=0&limit=100 HTTP/1.1" 307
2026-05-28 00:42:25,525 INFO app.core.dependencies: Fetching async DB session.
2026-05-28 00:42:25,532 INFO app.core.dependencies: Fetching product repository.
2026-05-28 00:42:25,532 INFO app.core.dependencies: Fetching product service.
2026-05-28 00:42:25,533 INFO app.services.products: Fetching products list.
2026-05-28 00:42:25,533 INFO app.repositories.products: Fetching all products.
2026-05-28 00:42:25,608 INFO sqlalchemy.engine.Engine: select pg_catalog.version()
2026-05-28 00:42:25,608 INFO sqlalchemy.engine.Engine: [raw sql] ()
2026-05-28 00:42:25,611 INFO sqlalchemy.engine.Engine: select current_schema()
2026-05-28 00:42:25,611 INFO sqlalchemy.engine.Engine: [raw sql] ()
2026-05-28 00:42:25,613 INFO sqlalchemy.engine.Engine: show standard_conforming_strings
2026-05-28 00:42:25,613 INFO sqlalchemy.engine.Engine: [raw sql] ()
2026-05-28 00:42:25,614 INFO sqlalchemy.engine.Engine: BEGIN (implicit)
2026-05-28 00:42:25,617 INFO sqlalchemy.engine.Engine: SELECT products.product_id, products.name, products.description, products.price 
FROM products 
 LIMIT $1::INTEGER OFFSET $2::INTEGER
2026-05-28 00:42:25,617 INFO sqlalchemy.engine.Engine: [generated in 0.00039s] (100, 0)
2026-05-28 00:42:25,621 INFO uvicorn.access: 127.0.0.1:58498 - "GET /products/?skip=0&limit=100 HTTP/1.1" 200
2026-05-28 00:42:25,622 INFO app.core.dependencies: Async DB session closed.
2026-05-28 00:42:25,622 INFO sqlalchemy.engine.Engine: ROLLBACK
2026-05-28 00:43:56,847 INFO uvicorn.access: 127.0.0.1:58591 - "GET /products?skip=0&limit=100 HTTP/1.1" 307
2026-05-28 00:45:26,397 INFO uvicorn.error: Shutting down
2026-05-28 00:45:26,507 INFO uvicorn.error: Waiting for application shutdown.
2026-05-28 00:45:26,507 INFO app.api.main: Shutting down.
2026-05-28 00:45:26,508 INFO uvicorn.error: Application shutdown complete.
2026-05-28 00:45:26,508 INFO uvicorn.error: Finished server process [17828]
2026-05-28 00:45:29,669 INFO uvicorn.error: Started server process [15696]
2026-05-28 00:45:29,669 INFO uvicorn.error: Waiting for application startup.
2026-05-28 00:45:29,670 INFO app.api.main: Starting database initialization.
2026-05-28 00:45:29,670 INFO uvicorn.error: Application startup complete.
2026-05-28 00:45:29,670 INFO uvicorn.error: Uvicorn running on http://127.0.0.1:8003 (Press CTRL+C to quit)
2026-05-28 00:45:35,297 INFO app.core.dependencies: Fetching async DB session.
2026-05-28 00:45:35,302 INFO app.core.dependencies: Fetching product repository.
2026-05-28 00:45:35,303 INFO app.core.dependencies: Fetching product service.
2026-05-28 00:45:35,303 INFO app.services.products: Fetching product by id: 5a2d8053-8284-471a-9e93-bf15007f3373
2026-05-28 00:45:35,304 INFO app.repositories.products: Fetching product by id: 5a2d8053-8284-471a-9e93-bf15007f3373
2026-05-28 00:45:35,366 INFO sqlalchemy.engine.Engine: select pg_catalog.version()
2026-05-28 00:45:35,366 INFO sqlalchemy.engine.Engine: [raw sql] ()
2026-05-28 00:45:35,368 INFO sqlalchemy.engine.Engine: select current_schema()
2026-05-28 00:45:35,368 INFO sqlalchemy.engine.Engine: [raw sql] ()
2026-05-28 00:45:35,370 INFO sqlalchemy.engine.Engine: show standard_conforming_strings
2026-05-28 00:45:35,370 INFO sqlalchemy.engine.Engine: [raw sql] ()
2026-05-28 00:45:35,371 INFO sqlalchemy.engine.Engine: BEGIN (implicit)
2026-05-28 00:45:35,374 INFO sqlalchemy.engine.Engine: SELECT products.product_id, products.name, products.description, products.price 
FROM products 
WHERE products.product_id = $1::UUID
2026-05-28 00:45:35,375 INFO sqlalchemy.engine.Engine: [generated in 0.00038s] (UUID('5a2d8053-8284-471a-9e93-bf15007f3373'),)
2026-05-28 00:45:35,378 INFO uvicorn.access: 127.0.0.1:58697 - "GET /products/5a2d8053-8284-471a-9e93-bf15007f3373 HTTP/1.1" 200
2026-05-28 00:45:35,378 INFO app.core.dependencies: Async DB session closed.
2026-05-28 00:45:35,379 INFO sqlalchemy.engine.Engine: ROLLBACK
2026-05-28 00:46:53,777 INFO app.core.dependencies: Fetching async DB session.
2026-05-28 00:46:53,778 INFO app.core.dependencies: Fetching product repository.
2026-05-28 00:46:53,778 INFO app.core.dependencies: Fetching product service.
2026-05-28 00:46:53,778 INFO app.services.products: Fetching product by id: 5a2d8053-8284-471a-9e93-bf15007f3373
2026-05-28 00:46:53,778 INFO app.repositories.products: Fetching product by id: 5a2d8053-8284-471a-9e93-bf15007f3373
2026-05-28 00:46:53,779 INFO sqlalchemy.engine.Engine: BEGIN (implicit)
2026-05-28 00:46:53,779 INFO sqlalchemy.engine.Engine: SELECT products.product_id, products.name, products.description, products.price 
FROM products 
WHERE products.product_id = $1::UUID
2026-05-28 00:46:53,780 INFO sqlalchemy.engine.Engine: [cached since 78.41s ago] (UUID('5a2d8053-8284-471a-9e93-bf15007f3373'),)
2026-05-28 00:46:53,781 INFO uvicorn.access: 127.0.0.1:58892 - "GET /products/5a2d8053-8284-471a-9e93-bf15007f3373 HTTP/1.1" 200
2026-05-28 00:46:53,782 INFO app.core.dependencies: Async DB session closed.
2026-05-28 00:46:53,782 INFO sqlalchemy.engine.Engine: ROLLBACK
2026-05-28 00:46:54,860 INFO app.core.dependencies: Fetching async DB session.
2026-05-28 00:46:54,861 INFO app.core.dependencies: Fetching product repository.
2026-05-28 00:46:54,861 INFO app.core.dependencies: Fetching product service.
2026-05-28 00:46:54,862 INFO app.services.products: Fetching product by id: 5a2d8053-8284-471a-9e93-bf15007f3373
2026-05-28 00:46:54,862 INFO app.repositories.products: Fetching product by id: 5a2d8053-8284-471a-9e93-bf15007f3373
2026-05-28 00:46:54,862 INFO sqlalchemy.engine.Engine: BEGIN (implicit)
2026-05-28 00:46:54,863 INFO sqlalchemy.engine.Engine: SELECT products.product_id, products.name, products.description, products.price 
FROM products 
WHERE products.product_id = $1::UUID
2026-05-28 00:46:54,863 INFO sqlalchemy.engine.Engine: [cached since 79.49s ago] (UUID('5a2d8053-8284-471a-9e93-bf15007f3373'),)
2026-05-28 00:46:54,864 INFO uvicorn.access: 127.0.0.1:58892 - "GET /products/5a2d8053-8284-471a-9e93-bf15007f3373 HTTP/1.1" 200
2026-05-28 00:46:54,865 INFO app.core.dependencies: Async DB session closed.
2026-05-28 00:46:54,865 INFO sqlalchemy.engine.Engine: ROLLBACK
2026-05-28 00:47:02,669 INFO app.core.dependencies: Fetching async DB session.
2026-05-28 00:47:02,669 INFO app.core.dependencies: Fetching product repository.
2026-05-28 00:47:02,669 INFO app.core.dependencies: Fetching product service.
2026-05-28 00:47:02,670 INFO app.services.products: Fetching product by id: 5a2d8053-8284-471a-9e93-bf15007f3372
2026-05-28 00:47:02,670 INFO app.repositories.products: Fetching product by id: 5a2d8053-8284-471a-9e93-bf15007f3372
2026-05-28 00:47:02,670 INFO sqlalchemy.engine.Engine: BEGIN (implicit)
2026-05-28 00:47:02,671 INFO sqlalchemy.engine.Engine: SELECT products.product_id, products.name, products.description, products.price 
FROM products 
WHERE products.product_id = $1::UUID
2026-05-28 00:47:02,671 INFO sqlalchemy.engine.Engine: [cached since 87.3s ago] (UUID('5a2d8053-8284-471a-9e93-bf15007f3372'),)
2026-05-28 00:47:02,672 INFO sqlalchemy.engine.Engine: ROLLBACK
2026-05-28 00:47:02,673 INFO uvicorn.access: 127.0.0.1:58893 - "GET /products/5a2d8053-8284-471a-9e93-bf15007f3372 HTTP/1.1" 404
2026-05-28 00:47:06,238 INFO app.core.dependencies: Fetching async DB session.
2026-05-28 00:47:06,238 INFO app.core.dependencies: Fetching product repository.
2026-05-28 00:47:06,239 INFO app.core.dependencies: Fetching product service.
2026-05-28 00:47:06,239 INFO app.services.products: Fetching product by id: 5a2d8053-8284-471a-9e93-bf15007f3373
2026-05-28 00:47:06,239 INFO app.repositories.products: Fetching product by id: 5a2d8053-8284-471a-9e93-bf15007f3373
2026-05-28 00:47:06,239 INFO sqlalchemy.engine.Engine: BEGIN (implicit)
2026-05-28 00:47:06,240 INFO sqlalchemy.engine.Engine: SELECT products.product_id, products.name, products.description, products.price 
FROM products 
WHERE products.product_id = $1::UUID
2026-05-28 00:47:06,240 INFO sqlalchemy.engine.Engine: [cached since 90.87s ago] (UUID('5a2d8053-8284-471a-9e93-bf15007f3373'),)
2026-05-28 00:47:06,241 INFO uvicorn.access: 127.0.0.1:58893 - "GET /products/5a2d8053-8284-471a-9e93-bf15007f3373 HTTP/1.1" 200
2026-05-28 00:47:06,242 INFO app.core.dependencies: Async DB session closed.
2026-05-28 00:47:06,242 INFO sqlalchemy.engine.Engine: ROLLBACK
2026-05-28 00:47:14,285 INFO app.core.dependencies: Fetching async DB session.
2026-05-28 00:47:14,285 INFO app.core.dependencies: Fetching product repository.
2026-05-28 00:47:14,285 INFO app.core.dependencies: Fetching product service.
2026-05-28 00:47:14,285 INFO app.services.products: Fetching product by id: 5a2d8053-8284-471a-9e93-bf15007f3373
2026-05-28 00:47:14,285 INFO app.repositories.products: Fetching product by id: 5a2d8053-8284-471a-9e93-bf15007f3373
2026-05-28 00:47:14,286 INFO sqlalchemy.engine.Engine: BEGIN (implicit)
2026-05-28 00:47:14,286 INFO sqlalchemy.engine.Engine: SELECT products.product_id, products.name, products.description, products.price 
FROM products 
WHERE products.product_id = $1::UUID
2026-05-28 00:47:14,286 INFO sqlalchemy.engine.Engine: [cached since 98.91s ago] (UUID('5a2d8053-8284-471a-9e93-bf15007f3373'),)
2026-05-28 00:47:14,287 INFO uvicorn.access: 127.0.0.1:58898 - "GET /products/5a2d8053-8284-471a-9e93-bf15007f3373 HTTP/1.1" 200
2026-05-28 00:47:14,288 INFO app.core.dependencies: Async DB session closed.
2026-05-28 00:47:14,288 INFO sqlalchemy.engine.Engine: ROLLBACK
2026-05-28 00:48:12,407 INFO app.core.dependencies: Fetching async DB session.
2026-05-28 00:48:12,407 INFO app.core.dependencies: Fetching product repository.
2026-05-28 00:48:12,407 INFO app.core.dependencies: Fetching product service.
2026-05-28 00:48:12,408 INFO app.services.products: Fetching product by id: 5a2d8053-8284-471a-9e93-bf15007f3373
2026-05-28 00:48:12,408 INFO app.repositories.products: Fetching product by id: 5a2d8053-8284-471a-9e93-bf15007f3373
2026-05-28 00:48:12,408 INFO sqlalchemy.engine.Engine: BEGIN (implicit)
2026-05-28 00:48:12,409 INFO sqlalchemy.engine.Engine: SELECT products.product_id, products.name, products.description, products.price 
FROM products 
WHERE products.product_id = $1::UUID
2026-05-28 00:48:12,409 INFO sqlalchemy.engine.Engine: [cached since 157s ago] (UUID('5a2d8053-8284-471a-9e93-bf15007f3373'),)
2026-05-28 00:48:12,410 INFO uvicorn.access: 127.0.0.1:58928 - "GET /products/5a2d8053-8284-471a-9e93-bf15007f3373 HTTP/1.1" 200
2026-05-28 00:48:12,411 INFO app.core.dependencies: Async DB session closed.
2026-05-28 00:48:12,411 INFO sqlalchemy.engine.Engine: ROLLBACK
2026-05-28 00:49:20,737 INFO app.core.dependencies: Fetching async DB session.
2026-05-28 00:49:20,737 INFO app.core.dependencies: Fetching product repository.
2026-05-28 00:49:20,738 INFO app.core.dependencies: Fetching product service.
2026-05-28 00:49:20,738 INFO app.services.products: Fetching product by id: 5a2d8053-8284-471a-9e93-bf15007f3373
2026-05-28 00:49:20,738 INFO app.repositories.products: Fetching product by id: 5a2d8053-8284-471a-9e93-bf15007f3373
2026-05-28 00:49:20,738 INFO sqlalchemy.engine.Engine: BEGIN (implicit)
2026-05-28 00:49:20,739 INFO sqlalchemy.engine.Engine: SELECT products.product_id, products.name, products.description, products.price 
FROM products 
WHERE products.product_id = $1::UUID
2026-05-28 00:49:20,739 INFO sqlalchemy.engine.Engine: [cached since 225.4s ago] (UUID('5a2d8053-8284-471a-9e93-bf15007f3373'),)
2026-05-28 00:49:20,740 INFO uvicorn.access: 127.0.0.1:59013 - "GET /products/5a2d8053-8284-471a-9e93-bf15007f3373 HTTP/1.1" 200
2026-05-28 00:49:20,741 INFO app.core.dependencies: Async DB session closed.
2026-05-28 00:49:20,741 INFO sqlalchemy.engine.Engine: ROLLBACK
2026-05-28 00:49:36,764 INFO app.core.dependencies: Fetching async DB session.
2026-05-28 00:49:36,764 INFO app.core.dependencies: Fetching product repository.
2026-05-28 00:49:36,765 INFO app.core.dependencies: Fetching product service.
2026-05-28 00:49:36,765 INFO app.services.products: Fetching product by id: 5a2d8053-8284-471a-9e93-bf15007f3373
2026-05-28 00:49:36,765 INFO app.repositories.products: Fetching product by id: 5a2d8053-8284-471a-9e93-bf15007f3373
2026-05-28 00:49:36,765 INFO sqlalchemy.engine.Engine: BEGIN (implicit)
2026-05-28 00:49:36,766 INFO sqlalchemy.engine.Engine: SELECT products.product_id, products.name, products.description, products.price 
FROM products 
WHERE products.product_id = $1::UUID
2026-05-28 00:49:36,766 INFO sqlalchemy.engine.Engine: [cached since 241.4s ago] (UUID('5a2d8053-8284-471a-9e93-bf15007f3373'),)
2026-05-28 00:49:36,767 INFO uvicorn.access: 127.0.0.1:59513 - "GET /products/5a2d8053-8284-471a-9e93-bf15007f3373 HTTP/1.1" 200
2026-05-28 00:49:36,767 INFO app.core.dependencies: Async DB session closed.
2026-05-28 00:49:36,767 INFO sqlalchemy.engine.Engine: ROLLBACK
